# JRE version: Java(TM) SE Runtime Environment (8.0_221-b11) (build 1.8.0_221-b11)
# Java VM: Java HotSpot(TM) 64-Bit Server VM (25.221-b11 mixed mode windows-amd64 compressed oops)
Heap:
 PSYoungGen      total 147968K, used 138903K [0x00000000f5580000, 0x0000000100000000, 0x0000000100000000)
  eden space 126464K, 93% used [0x00000000f5580000,0x00000000fc8900e0,0x00000000fd100000)
  from space 21504K, 98% used [0x00000000fd100000,0x00000000fe595f18,0x00000000fe600000)
  to   space 26112K, 0% used [0x00000000fe680000,0x00000000fe680000,0x0000000100000000)
 ParOldGen       total 236544K, used 43814K [0x00000000e0000000, 0x00000000ee700000, 0x00000000f5580000)
  object space 236544K, 18% used [0x00000000e0000000,0x00000000e2ac9bb8,0x00000000ee700000)
 Metaspace       used 65090K, capacity 69297K, committed 69504K, reserved 1107968K
  class space    used 9186K, capacity 10347K, committed 10368K, reserved 1048576K
GC Heap History (10 events):
Event: 37.765 GC heap before
{Heap before GC invocations=10 (full 2):
 PSYoungGen      total 100864K, used 97825K [0x00000000f5580000, 0x00000000ff200000, 0x0000000100000000)
  eden space 86528K, 100% used [0x00000000f5580000,0x00000000faa00000,0x00000000faa00000)
  from space 14336K, 78% used [0x00000000faa00000,0x00000000fb5087d0,0x00000000fb800000)
  to   space 14848K, 0% used [0x00000000fe380000,0x00000000fe380000,0x00000000ff200000)
 ParOldGen       total 185344K, used 18632K [0x00000000e0000000, 0x00000000eb500000, 0x00000000f5580000)
  object space 185344K, 10% used [0x00000000e0000000,0x00000000e1232098,0x00000000eb500000)
 Metaspace       used 47093K, capacity 48605K, committed 48640K, reserved 1091584K
  class space    used 6473K, capacity 6907K, committed 6912K, reserved 1048576K
Event: 38.701 GC heap after
Heap after GC invocations=10 (full 2):
 PSYoungGen      total 143872K, used 14839K [0x00000000f5580000, 0x0000000100000000, 0x0000000100000000)
  eden space 129024K, 0% used [0x00000000f5580000,0x00000000f5580000,0x00000000fd380000)
  from space 14848K, 99% used [0x00000000fe380000,0x00000000ff1fdf60,0x00000000ff200000)
  to   space 16384K, 0% used [0x00000000fd380000,0x00000000fd380000,0x00000000fe380000)
 ParOldGen       total 185344K, used 18929K [0x00000000e0000000, 0x00000000eb500000, 0x00000000f5580000)
  object space 185344K, 10% used [0x00000000e0000000,0x00000000e127c740,0x00000000eb500000)
 Metaspace       used 47093K, capacity 48605K, committed 48640K, reserved 1091584K
  class space    used 6473K, capacity 6907K, committed 6912K, reserved 1048576K
}
Event: 62.531 GC heap before
{Heap before GC invocations=11 (full 2):
 PSYoungGen      total 143872K, used 143863K [0x00000000f5580000, 0x0000000100000000, 0x0000000100000000)
  eden space 129024K, 100% used [0x00000000f5580000,0x00000000fd380000,0x00000000fd380000)
  from space 14848K, 99% used [0x00000000fe380000,0x00000000ff1fdf60,0x00000000ff200000)
  to   space 16384K, 0% used [0x00000000fd380000,0x00000000fd380000,0x00000000fe380000)
 ParOldGen       total 185344K, used 18929K [0x00000000e0000000, 0x00000000eb500000, 0x00000000f5580000)
  object space 185344K, 10% used [0x00000000e0000000,0x00000000e127c740,0x00000000eb500000)
 Metaspace       used 54833K, capacity 56913K, committed 57216K, reserved 1097728K
  class space    used 7696K, capacity 8234K, committed 8320K, reserved 1048576K
Event: 62.670 GC heap after
Heap after GC invocations=11 (full 2):
 PSYoungGen      total 145408K, used 16353K [0x00000000f5580000, 0x0000000100000000, 0x0000000100000000)
  eden space 129024K, 0% used [0x00000000f5580000,0x00000000f5580000,0x00000000fd380000)
  from space 16384K, 99% used [0x00000000fd380000,0x00000000fe378520,0x00000000fe380000)
  to   space 22016K, 0% used [0x00000000fea80000,0x00000000fea80000,0x0000000100000000)
 ParOldGen       total 185344K, used 27684K [0x00000000e0000000, 0x00000000eb500000, 0x00000000f5580000)
  object space 185344K, 14% used [0x00000000e0000000,0x00000000e1b09098,0x00000000eb500000)
 Metaspace       used 54833K, capacity 56913K, committed 57216K, reserved 1097728K
  class space    used 7696K, capacity 8234K, committed 8320K, reserved 1048576K
}
Event: 66.013 GC heap before
{Heap before GC invocations=12 (full 2):
 PSYoungGen      total 145408K, used 53392K [0x00000000f5580000, 0x0000000100000000, 0x0000000100000000)
  eden space 129024K, 28% used [0x00000000f5580000,0x00000000f79abc08,0x00000000fd380000)
  from space 16384K, 99% used [0x00000000fd380000,0x00000000fe378520,0x00000000fe380000)
  to   space 22016K, 0% used [0x00000000fea80000,0x00000000fea80000,0x0000000100000000)
 ParOldGen       total 185344K, used 27684K [0x00000000e0000000, 0x00000000eb500000, 0x00000000f5580000)
  object space 185344K, 14% used [0x00000000e0000000,0x00000000e1b09098,0x00000000eb500000)
 Metaspace       used 56812K, capacity 59079K, committed 59160K, reserved 1099776K
  class space    used 7919K, capacity 8495K, committed 8576K, reserved 1048576K
Event: 66.770 GC heap after
Heap after GC invocations=12 (full 2):
 PSYoungGen      total 148480K, used 20373K [0x00000000f5580000, 0x0000000100000000, 0x0000000100000000)
  eden space 126464K, 0% used [0x00000000f5580000,0x00000000f5580000,0x00000000fd100000)
  from space 22016K, 92% used [0x00000000fea80000,0x00000000ffe65418,0x0000000100000000)
  to   space 24064K, 0% used [0x00000000fd100000,0x00000000fd100000,0x00000000fe880000)
 ParOldGen       total 185344K, used 27756K [0x00000000e0000000, 0x00000000eb500000, 0x00000000f5580000)
  object space 185344K, 14% used [0x00000000e0000000,0x00000000e1b1b0a8,0x00000000eb500000)
 Metaspace       used 56812K, capacity 59079K, committed 59160K, reserved 1099776K
  class space    used 7919K, capacity 8495K, committed 8576K, reserved 1048576K
}
Event: 66.770 GC heap before
{Heap before GC invocations=13 (full 3):
 PSYoungGen      total 148480K, used 20373K [0x00000000f5580000, 0x0000000100000000, 0x0000000100000000)
  eden space 126464K, 0% used [0x00000000f5580000,0x00000000f5580000,0x00000000fd100000)
  from space 22016K, 92% used [0x00000000fea80000,0x00000000ffe65418,0x0000000100000000)
  to   space 24064K, 0% used [0x00000000fd100000,0x00000000fd100000,0x00000000fe880000)
 ParOldGen       total 185344K, used 27756K [0x00000000e0000000, 0x00000000eb500000, 0x00000000f5580000)
  object space 185344K, 14% used [0x00000000e0000000,0x00000000e1b1b0a8,0x00000000eb500000)
 Metaspace       used 56812K, capacity 59079K, committed 59160K, reserved 1099776K
  class space    used 7919K, capacity 8495K, committed 8576K, reserved 1048576K
Event: 68.077 GC heap after
Heap after GC invocations=13 (full 3):
 PSYoungGen      total 148480K, used 0K [0x00000000f5580000, 0x0000000100000000, 0x0000000100000000)
  eden space 126464K, 0% used [0x00000000f5580000,0x00000000f5580000,0x00000000fd100000)
  from space 22016K, 0% used [0x00000000fea80000,0x00000000fea80000,0x0000000100000000)
  to   space 24064K, 0% used [0x00000000fd100000,0x00000000fd100000,0x00000000fe880000)
 ParOldGen       total 236544K, used 43806K [0x00000000e0000000, 0x00000000ee700000, 0x00000000f5580000)
  object space 236544K, 18% used [0x00000000e0000000,0x00000000e2ac7bb8,0x00000000ee700000)
 Metaspace       used 56808K, capacity 59067K, committed 59160K, reserved 1099776K
  class space    used 7918K, capacity 8493K, committed 8576K, reserved 1048576K
}
Event: 78.095 GC heap before
{Heap before GC invocations=14 (full 3):
 PSYoungGen      total 148480K, used 126464K [0x00000000f5580000, 0x0000000100000000, 0x0000000100000000)
  eden space 126464K, 100% used [0x00000000f5580000,0x00000000fd100000,0x00000000fd100000)
  from space 22016K, 0% used [0x00000000fea80000,0x00000000fea80000,0x0000000100000000)
  to   space 24064K, 0% used [0x00000000fd100000,0x00000000fd100000,0x00000000fe880000)
 ParOldGen       total 236544K, used 43806K [0x00000000e0000000, 0x00000000ee700000, 0x00000000f5580000)
  object space 236544K, 18% used [0x00000000e0000000,0x00000000e2ac7bb8,0x00000000ee700000)
 Metaspace       used 61307K, capacity 64675K, committed 64896K, reserved 1103872K
  class space    used 8591K, capacity 9573K, committed 9600K, reserved 1048576K
Event: 78.171 GC heap after
Heap after GC invocations=14 (full 3):
 PSYoungGen      total 147968K, used 21079K [0x00000000f5580000, 0x0000000100000000, 0x0000000100000000)
  eden space 126464K, 0% used [0x00000000f5580000,0x00000000f5580000,0x00000000fd100000)
  from space 21504K, 98% used [0x00000000fd100000,0x00000000fe595f18,0x00000000fe600000)
  to   space 26112K, 0% used [0x00000000fe680000,0x00000000fe680000,0x0000000100000000)
 ParOldGen       total 236544K, used 43814K [0x00000000e0000000, 0x00000000ee700000, 0x00000000f5580000)
  object space 236544K, 18% used [0x00000000e0000000,0x00000000e2ac9bb8,0x00000000ee700000)
 Metaspace       used 61307K, capacity 64675K, committed 64896K, reserved 1103872K
  class space    used 8591K, capacity 9573K, committed 9600K, reserved 1048576K
}

