# JRE version: Java(TM) SE Runtime Environment (8.0_221-b11) (build 1.8.0_221-b11)
# Java VM: Java HotSpot(TM) 64-Bit Server VM (25.221-b11 mixed mode windows-amd64 compressed oops)
Heap:
 PSYoungGen      total 137216K, used 192K [0x00000000f5580000, 0x0000000100000000, 0x0000000100000000)
  eden space 102912K, 0% used [0x00000000f5580000,0x00000000f5580000,0x00000000fba00000)
  from space 34304K, 0% used [0x00000000fde80000,0x00000000fdeb0000,0x0000000100000000)
  to   space 35840K, 0% used [0x00000000fba00000,0x00000000fba00000,0x00000000fdd00000)
 ParOldGen       total 175104K, used 67456K [0x00000000e0000000, 0x00000000eab00000, 0x00000000f5580000)
  object space 175104K, 38% used [0x00000000e0000000,0x00000000e41e0248,0x00000000eab00000)
 Metaspace       used 77710K, capacity 82064K, committed 84248K, reserved 1122304K
  class space    used 10275K, capacity 11417K, committed 12056K, reserved 1048576K
GC Heap History (10 events):
Event: 602.165 GC heap after
Heap after GC invocations=18 (full 3):
 PSYoungGen      total 137216K, used 22756K [0x00000000f5580000, 0x0000000100000000, 0x0000000100000000)
  eden space 114176K, 0% used [0x00000000f5580000,0x00000000f5580000,0x00000000fc500000)
  from space 23040K, 98% used [0x00000000fc500000,0x00000000fdb392a0,0x00000000fdb80000)
  to   space 31232K, 0% used [0x00000000fe180000,0x00000000fe180000,0x0000000100000000)
 ParOldGen       total 175104K, used 43226K [0x00000000e0000000, 0x00000000eab00000, 0x00000000f5580000)
  object space 175104K, 24% used [0x00000000e0000000,0x00000000e2a368a0,0x00000000eab00000)
 Metaspace       used 73205K, capacity 77712K, committed 77976K, reserved 1116160K
  class space    used 9622K, capacity 10864K, committed 10904K, reserved 1048576K
}
Event: 609.512 GC heap before
{Heap before GC invocations=19 (full 3):
 PSYoungGen      total 137216K, used 136932K [0x00000000f5580000, 0x0000000100000000, 0x0000000100000000)
  eden space 114176K, 100% used [0x00000000f5580000,0x00000000fc500000,0x00000000fc500000)
  from space 23040K, 98% used [0x00000000fc500000,0x00000000fdb392a0,0x00000000fdb80000)
  to   space 31232K, 0% used [0x00000000fe180000,0x00000000fe180000,0x0000000100000000)
 ParOldGen       total 175104K, used 43226K [0x00000000e0000000, 0x00000000eab00000, 0x00000000f5580000)
  object space 175104K, 24% used [0x00000000e0000000,0x00000000e2a368a0,0x00000000eab00000)
 Metaspace       used 77275K, capacity 82192K, committed 82328K, reserved 1120256K
  class space    used 10277K, capacity 11627K, committed 11672K, reserved 1048576K
Event: 609.615 GC heap after
Heap after GC invocations=19 (full 3):
 PSYoungGen      total 135168K, used 31225K [0x00000000f5580000, 0x0000000100000000, 0x0000000100000000)
  eden space 103936K, 0% used [0x00000000f5580000,0x00000000f5580000,0x00000000fbb00000)
  from space 31232K, 99% used [0x00000000fe180000,0x00000000ffffe618,0x0000000100000000)
  to   space 35328K, 0% used [0x00000000fbb00000,0x00000000fbb00000,0x00000000fdd80000)
 ParOldGen       total 175104K, used 44072K [0x00000000e0000000, 0x00000000eab00000, 0x00000000f5580000)
  object space 175104K, 25% used [0x00000000e0000000,0x00000000e2b0a148,0x00000000eab00000)
 Metaspace       used 77275K, capacity 82192K, committed 82328K, reserved 1120256K
  class space    used 10277K, capacity 11627K, committed 11672K, reserved 1048576K
}
Event: 624.447 GC heap before
{Heap before GC invocations=20 (full 3):
 PSYoungGen      total 135168K, used 78475K [0x00000000f5580000, 0x0000000100000000, 0x0000000100000000)
  eden space 103936K, 45% used [0x00000000f5580000,0x00000000f83a48f8,0x00000000fbb00000)
  from space 31232K, 99% used [0x00000000fe180000,0x00000000ffffe618,0x0000000100000000)
  to   space 35328K, 0% used [0x00000000fbb00000,0x00000000fbb00000,0x00000000fdd80000)
 ParOldGen       total 175104K, used 44072K [0x00000000e0000000, 0x00000000eab00000, 0x00000000f5580000)
  object space 175104K, 25% used [0x00000000e0000000,0x00000000e2b0a148,0x00000000eab00000)
 Metaspace       used 78590K, capacity 84138K, committed 84248K, reserved 1122304K
  class space    used 10508K, capacity 11965K, committed 12056K, reserved 1048576K
Event: 624.629 GC heap after
Heap after GC invocations=20 (full 3):
 PSYoungGen      total 139264K, used 15950K [0x00000000f5580000, 0x0000000100000000, 0x0000000100000000)
  eden space 103936K, 0% used [0x00000000f5580000,0x00000000f5580000,0x00000000fbb00000)
  from space 35328K, 45% used [0x00000000fbb00000,0x00000000fca93988,0x00000000fdd80000)
  to   space 34304K, 0% used [0x00000000fde80000,0x00000000fde80000,0x0000000100000000)
 ParOldGen       total 175104K, used 62736K [0x00000000e0000000, 0x00000000eab00000, 0x00000000f5580000)
  object space 175104K, 35% used [0x00000000e0000000,0x00000000e3d441b0,0x00000000eab00000)
 Metaspace       used 78590K, capacity 84138K, committed 84248K, reserved 1122304K
  class space    used 10508K, capacity 11965K, committed 12056K, reserved 1048576K
}
Event: 624.629 GC heap before
{Heap before GC invocations=21 (full 4):
 PSYoungGen      total 139264K, used 15950K [0x00000000f5580000, 0x0000000100000000, 0x0000000100000000)
  eden space 103936K, 0% used [0x00000000f5580000,0x00000000f5580000,0x00000000fbb00000)
  from space 35328K, 45% used [0x00000000fbb00000,0x00000000fca93988,0x00000000fdd80000)
  to   space 34304K, 0% used [0x00000000fde80000,0x00000000fde80000,0x0000000100000000)
 ParOldGen       total 175104K, used 62736K [0x00000000e0000000, 0x00000000eab00000, 0x00000000f5580000)
  object space 175104K, 35% used [0x00000000e0000000,0x00000000e3d441b0,0x00000000eab00000)
 Metaspace       used 78590K, capacity 84138K, committed 84248K, reserved 1122304K
  class space    used 10508K, capacity 11965K, committed 12056K, reserved 1048576K
Event: 626.277 GC heap after
Heap after GC invocations=21 (full 4):
 PSYoungGen      total 139264K, used 0K [0x00000000f5580000, 0x0000000100000000, 0x0000000100000000)
  eden space 103936K, 0% used [0x00000000f5580000,0x00000000f5580000,0x00000000fbb00000)
  from space 35328K, 0% used [0x00000000fbb00000,0x00000000fbb00000,0x00000000fdd80000)
  to   space 34304K, 0% used [0x00000000fde80000,0x00000000fde80000,0x0000000100000000)
 ParOldGen       total 175104K, used 67456K [0x00000000e0000000, 0x00000000eab00000, 0x00000000f5580000)
  object space 175104K, 38% used [0x00000000e0000000,0x00000000e41e0248,0x00000000eab00000)
 Metaspace       used 77643K, capacity 81932K, committed 84248K, reserved 1122304K
  class space    used 10261K, capacity 11395K, committed 12056K, reserved 1048576K
}
Event: 629.096 GC heap before
{Heap before GC invocations=22 (full 4):
 PSYoungGen      total 139264K, used 5200K [0x00000000f5580000, 0x0000000100000000, 0x0000000100000000)
  eden space 103936K, 5% used [0x00000000f5580000,0x00000000f5a94080,0x00000000fbb00000)
  from space 35328K, 0% used [0x00000000fbb00000,0x00000000fbb00000,0x00000000fdd80000)
  to   space 34304K, 0% used [0x00000000fde80000,0x00000000fde80000,0x0000000100000000)
 ParOldGen       total 175104K, used 67456K [0x00000000e0000000, 0x00000000eab00000, 0x00000000f5580000)
  object space 175104K, 38% used [0x00000000e0000000,0x00000000e41e0248,0x00000000eab00000)
 Metaspace       used 77710K, capacity 82064K, committed 84248K, reserved 1122304K
  class space    used 10275K, capacity 11417K, committed 12056K, reserved 1048576K
Event: 629.109 GC heap after
Heap after GC invocations=22 (full 4):
 PSYoungGen      total 137216K, used 192K [0x00000000f5580000, 0x0000000100000000, 0x0000000100000000)
  eden space 102912K, 0% used [0x00000000f5580000,0x00000000f5580000,0x00000000fba00000)
  from space 34304K, 0% used [0x00000000fde80000,0x00000000fdeb0000,0x0000000100000000)
  to   space 35840K, 0% used [0x00000000fba00000,0x00000000fba00000,0x00000000fdd00000)
 ParOldGen       total 175104K, used 67456K [0x00000000e0000000, 0x00000000eab00000, 0x00000000f5580000)
  object space 175104K, 38% used [0x00000000e0000000,0x00000000e41e0248,0x00000000eab00000)
 Metaspace       used 77710K, capacity 82064K, committed 84248K, reserved 1122304K
  class space    used 10275K, capacity 11417K, committed 12056K, reserved 1048576K
}
Event: 629.109 GC heap before
{Heap before GC invocations=23 (full 5):
 PSYoungGen      total 137216K, used 192K [0x00000000f5580000, 0x0000000100000000, 0x0000000100000000)
  eden space 102912K, 0% used [0x00000000f5580000,0x00000000f5580000,0x00000000fba00000)
  from space 34304K, 0% used [0x00000000fde80000,0x00000000fdeb0000,0x0000000100000000)
  to   space 35840K, 0% used [0x00000000fba00000,0x00000000fba00000,0x00000000fdd00000)
 ParOldGen       total 175104K, used 67456K [0x00000000e0000000, 0x00000000eab00000, 0x00000000f5580000)
  object space 175104K, 38% used [0x00000000e0000000,0x00000000e41e0248,0x00000000eab00000)
 Metaspace       used 77710K, capacity 82064K, committed 84248K, reserved 1122304K
  class space    used 10275K, capacity 11417K, committed 12056K, reserved 1048576K

