# JRE version: Java(TM) SE Runtime Environment (8.0_221-b11) (build 1.8.0_221-b11)
# Java VM: Java HotSpot(TM) 64-Bit Server VM (25.221-b11 mixed mode windows-amd64 compressed oops)
Heap:
 PSYoungGen      total 145408K, used 82464K [0x00000000f5580000, 0x00000000ffc00000, 0x0000000100000000)
  eden space 120832K, 64% used [0x00000000f5580000,0x00000000fa1589a0,0x00000000fcb80000)
  from space 24576K, 19% used [0x00000000fcb80000,0x00000000fd02f668,0x00000000fe380000)
  to   space 23040K, 0% used [0x00000000fe580000,0x00000000fe580000,0x00000000ffc00000)
 ParOldGen       total 349696K, used 281888K [0x00000000e0000000, 0x00000000f5580000, 0x00000000f5580000)
  object space 349696K, 80% used [0x00000000e0000000,0x00000000f1348228,0x00000000f5580000)
 Metaspace       used 102751K, capacity 110021K, committed 110208K, reserved 1144832K
  class space    used 13319K, capacity 14948K, committed 14976K, reserved 1048576K
GC Heap History (10 events):
Event: 1153.963 GC heap before
{Heap before GC invocations=64 (full 5):
 PSYoungGen      total 141312K, used 114926K [0x00000000f5580000, 0x00000000ffc80000, 0x0000000100000000)
  eden space 111616K, 100% used [0x00000000f5580000,0x00000000fc280000,0x00000000fc280000)
  from space 29696K, 11% used [0x00000000fdf80000,0x00000000fe2bbbb8,0x00000000ffc80000)
  to   space 29696K, 0% used [0x00000000fc280000,0x00000000fc280000,0x00000000fdf80000)
 ParOldGen       total 349696K, used 272100K [0x00000000e0000000, 0x00000000f5580000, 0x00000000f5580000)
  object space 349696K, 77% used [0x00000000e0000000,0x00000000f09b90f8,0x00000000f5580000)
 Metaspace       used 102611K, capacity 109911K, committed 109952K, reserved 1144832K
  class space    used 13316K, capacity 14943K, committed 14976K, reserved 1048576K
Event: 1154.315 GC heap after
Heap after GC invocations=64 (full 5):
 PSYoungGen      total 141312K, used 5160K [0x00000000f5580000, 0x00000000ffd00000, 0x0000000100000000)
  eden space 111616K, 0% used [0x00000000f5580000,0x00000000f5580000,0x00000000fc280000)
  from space 29696K, 17% used [0x00000000fc280000,0x00000000fc78a3b0,0x00000000fdf80000)
  to   space 28160K, 0% used [0x00000000fe180000,0x00000000fe180000,0x00000000ffd00000)
 ParOldGen       total 349696K, used 274312K [0x00000000e0000000, 0x00000000f5580000, 0x00000000f5580000)
  object space 349696K, 78% used [0x00000000e0000000,0x00000000f0be20f8,0x00000000f5580000)
 Metaspace       used 102611K, capacity 109911K, committed 109952K, reserved 1144832K
  class space    used 13316K, capacity 14943K, committed 14976K, reserved 1048576K
}
Event: 1158.472 GC heap before
{Heap before GC invocations=65 (full 5):
 PSYoungGen      total 141312K, used 116776K [0x00000000f5580000, 0x00000000ffd00000, 0x0000000100000000)
  eden space 111616K, 100% used [0x00000000f5580000,0x00000000fc280000,0x00000000fc280000)
  from space 29696K, 17% used [0x00000000fc280000,0x00000000fc78a3b0,0x00000000fdf80000)
  to   space 28160K, 0% used [0x00000000fe180000,0x00000000fe180000,0x00000000ffd00000)
 ParOldGen       total 349696K, used 274312K [0x00000000e0000000, 0x00000000f5580000, 0x00000000f5580000)
  object space 349696K, 78% used [0x00000000e0000000,0x00000000f0be20f8,0x00000000f5580000)
 Metaspace       used 102642K, capacity 109923K, committed 110208K, reserved 1144832K
  class space    used 13316K, capacity 14943K, committed 14976K, reserved 1048576K
Event: 1158.521 GC heap after
Heap after GC invocations=65 (full 5):
 PSYoungGen      total 143872K, used 3285K [0x00000000f5580000, 0x00000000ffc80000, 0x0000000100000000)
  eden space 116224K, 0% used [0x00000000f5580000,0x00000000f5580000,0x00000000fc700000)
  from space 27648K, 11% used [0x00000000fe180000,0x00000000fe4b5498,0x00000000ffc80000)
  to   space 27136K, 0% used [0x00000000fc700000,0x00000000fc700000,0x00000000fe180000)
 ParOldGen       total 349696K, used 276327K [0x00000000e0000000, 0x00000000f5580000, 0x00000000f5580000)
  object space 349696K, 79% used [0x00000000e0000000,0x00000000f0dd9f00,0x00000000f5580000)
 Metaspace       used 102642K, capacity 109923K, committed 110208K, reserved 1144832K
  class space    used 13316K, capacity 14943K, committed 14976K, reserved 1048576K
}
Event: 1163.679 GC heap before
{Heap before GC invocations=66 (full 5):
 PSYoungGen      total 143872K, used 119509K [0x00000000f5580000, 0x00000000ffc80000, 0x0000000100000000)
  eden space 116224K, 100% used [0x00000000f5580000,0x00000000fc700000,0x00000000fc700000)
  from space 27648K, 11% used [0x00000000fe180000,0x00000000fe4b5498,0x00000000ffc80000)
  to   space 27136K, 0% used [0x00000000fc700000,0x00000000fc700000,0x00000000fe180000)
 ParOldGen       total 349696K, used 276327K [0x00000000e0000000, 0x00000000f5580000, 0x00000000f5580000)
  object space 349696K, 79% used [0x00000000e0000000,0x00000000f0dd9f00,0x00000000f5580000)
 Metaspace       used 102681K, capacity 109997K, committed 110208K, reserved 1144832K
  class space    used 13317K, capacity 14944K, committed 14976K, reserved 1048576K
Event: 1163.978 GC heap after
Heap after GC invocations=66 (full 5):
 PSYoungGen      total 143360K, used 4109K [0x00000000f5580000, 0x00000000ffc80000, 0x0000000100000000)
  eden space 116224K, 0% used [0x00000000f5580000,0x00000000f5580000,0x00000000fc700000)
  from space 27136K, 15% used [0x00000000fc700000,0x00000000fcb035e8,0x00000000fe180000)
  to   space 25600K, 0% used [0x00000000fe380000,0x00000000fe380000,0x00000000ffc80000)
 ParOldGen       total 349696K, used 278007K [0x00000000e0000000, 0x00000000f5580000, 0x00000000f5580000)
  object space 349696K, 79% used [0x00000000e0000000,0x00000000f0f7dfd0,0x00000000f5580000)
 Metaspace       used 102681K, capacity 109997K, committed 110208K, reserved 1144832K
  class space    used 13317K, capacity 14944K, committed 14976K, reserved 1048576K
}
Event: 1167.310 GC heap before
{Heap before GC invocations=67 (full 5):
 PSYoungGen      total 143360K, used 120333K [0x00000000f5580000, 0x00000000ffc80000, 0x0000000100000000)
  eden space 116224K, 100% used [0x00000000f5580000,0x00000000fc700000,0x00000000fc700000)
  from space 27136K, 15% used [0x00000000fc700000,0x00000000fcb035e8,0x00000000fe180000)
  to   space 25600K, 0% used [0x00000000fe380000,0x00000000fe380000,0x00000000ffc80000)
 ParOldGen       total 349696K, used 278007K [0x00000000e0000000, 0x00000000f5580000, 0x00000000f5580000)
  object space 349696K, 79% used [0x00000000e0000000,0x00000000f0f7dfd0,0x00000000f5580000)
 Metaspace       used 102690K, capacity 109997K, committed 110208K, reserved 1144832K
  class space    used 13317K, capacity 14944K, committed 14976K, reserved 1048576K
Event: 1167.731 GC heap after
Heap after GC invocations=67 (full 5):
 PSYoungGen      total 146432K, used 5455K [0x00000000f5580000, 0x00000000ffc80000, 0x0000000100000000)
  eden space 120832K, 0% used [0x00000000f5580000,0x00000000f5580000,0x00000000fcb80000)
  from space 25600K, 21% used [0x00000000fe380000,0x00000000fe8d3dc0,0x00000000ffc80000)
  to   space 24576K, 0% used [0x00000000fcb80000,0x00000000fcb80000,0x00000000fe380000)
 ParOldGen       total 349696K, used 279906K [0x00000000e0000000, 0x00000000f5580000, 0x00000000f5580000)
  object space 349696K, 80% used [0x00000000e0000000,0x00000000f1158bf8,0x00000000f5580000)
 Metaspace       used 102690K, capacity 109997K, committed 110208K, reserved 1144832K
  class space    used 13317K, capacity 14944K, committed 14976K, reserved 1048576K
}
Event: 1174.787 GC heap before
{Heap before GC invocations=68 (full 5):
 PSYoungGen      total 146432K, used 126287K [0x00000000f5580000, 0x00000000ffc80000, 0x0000000100000000)
  eden space 120832K, 100% used [0x00000000f5580000,0x00000000fcb80000,0x00000000fcb80000)
  from space 25600K, 21% used [0x00000000fe380000,0x00000000fe8d3dc0,0x00000000ffc80000)
  to   space 24576K, 0% used [0x00000000fcb80000,0x00000000fcb80000,0x00000000fe380000)
 ParOldGen       total 349696K, used 279906K [0x00000000e0000000, 0x00000000f5580000, 0x00000000f5580000)
  object space 349696K, 80% used [0x00000000e0000000,0x00000000f1158bf8,0x00000000f5580000)
 Metaspace       used 102736K, capacity 110015K, committed 110208K, reserved 1144832K
  class space    used 13318K, capacity 14947K, committed 14976K, reserved 1048576K
Event: 1175.267 GC heap after
Heap after GC invocations=68 (full 5):
 PSYoungGen      total 145408K, used 4797K [0x00000000f5580000, 0x00000000ffc00000, 0x0000000100000000)
  eden space 120832K, 0% used [0x00000000f5580000,0x00000000f5580000,0x00000000fcb80000)
  from space 24576K, 19% used [0x00000000fcb80000,0x00000000fd02f668,0x00000000fe380000)
  to   space 23040K, 0% used [0x00000000fe580000,0x00000000fe580000,0x00000000ffc00000)
 ParOldGen       total 349696K, used 281888K [0x00000000e0000000, 0x00000000f5580000, 0x00000000f5580000)
  object space 349696K, 80% used [0x00000000e0000000,0x00000000f1348228,0x00000000f5580000)
 Metaspace       used 102736K, capacity 110015K, committed 110208K, reserved 1144832K
  class space    used 13318K, capacity 14947K, committed 14976K, reserved 1048576K
}

