# JRE version: Java(TM) SE Runtime Environment (8.0_221-b11) (build 1.8.0_221-b11)
# Java VM: Java HotSpot(TM) 64-Bit Server VM (25.221-b11 mixed mode windows-amd64 compressed oops)
Heap:
 PSYoungGen      total 140288K, used 127627K [0x00000000f5580000, 0x00000000ffe00000, 0x0000000100000000)
  eden space 108032K, 100% used [0x00000000f5580000,0x00000000fbf00000,0x00000000fbf00000)
  from space 32256K, 60% used [0x00000000fde80000,0x00000000ff1a2f28,0x00000000ffe00000)
  to   space 32256K, 30% used [0x00000000fbf00000,0x00000000fc89af18,0x00000000fde80000)
 ParOldGen       total 349696K, used 301336K [0x00000000e0000000, 0x00000000f5580000, 0x00000000f5580000)
  object space 349696K, 86% used [0x00000000e0000000,0x00000000f2646378,0x00000000f5580000)
 Metaspace       used 110520K, capacity 118699K, committed 119552K, reserved 1153024K
  class space    used 13999K, capacity 15768K, committed 16128K, reserved 1048576K
GC Heap History (10 events):
Event: 7718.053 GC heap after
Heap after GC invocations=395 (full 61):
 PSYoungGen      total 133120K, used 0K [0x00000000f5580000, 0x00000000ffb00000, 0x0000000100000000)
  eden space 98816K, 0% used [0x00000000f5580000,0x00000000f5580000,0x00000000fb600000)
  from space 34304K, 0% used [0x00000000fd980000,0x00000000fd980000,0x00000000ffb00000)
  to   space 35328K, 0% used [0x00000000fb600000,0x00000000fb600000,0x00000000fd880000)
 ParOldGen       total 349696K, used 291288K [0x00000000e0000000, 0x00000000f5580000, 0x00000000f5580000)
  object space 349696K, 83% used [0x00000000e0000000,0x00000000f1c76358,0x00000000f5580000)
 Metaspace       used 110502K, capacity 118695K, committed 119552K, reserved 1153024K
  class space    used 13999K, capacity 15768K, committed 16128K, reserved 1048576K
}
Event: 7718.666 GC heap before
{Heap before GC invocations=396 (full 61):
 PSYoungGen      total 133120K, used 98816K [0x00000000f5580000, 0x00000000ffb00000, 0x0000000100000000)
  eden space 98816K, 100% used [0x00000000f5580000,0x00000000fb600000,0x00000000fb600000)
  from space 34304K, 0% used [0x00000000fd980000,0x00000000fd980000,0x00000000ffb00000)
  to   space 35328K, 0% used [0x00000000fb600000,0x00000000fb600000,0x00000000fd880000)
 ParOldGen       total 349696K, used 291288K [0x00000000e0000000, 0x00000000f5580000, 0x00000000f5580000)
  object space 349696K, 83% used [0x00000000e0000000,0x00000000f1c76358,0x00000000f5580000)
 Metaspace       used 110503K, capacity 118695K, committed 119552K, reserved 1153024K
  class space    used 13999K, capacity 15768K, committed 16128K, reserved 1048576K
Event: 7718.769 GC heap after
Heap after GC invocations=396 (full 61):
 PSYoungGen      total 134144K, used 15191K [0x00000000f5580000, 0x00000000fff00000, 0x0000000100000000)
  eden space 98816K, 0% used [0x00000000f5580000,0x00000000f5580000,0x00000000fb600000)
  from space 35328K, 43% used [0x00000000fb600000,0x00000000fc4d5f30,0x00000000fd880000)
  to   space 34304K, 0% used [0x00000000fdd80000,0x00000000fdd80000,0x00000000fff00000)
 ParOldGen       total 349696K, used 291288K [0x00000000e0000000, 0x00000000f5580000, 0x00000000f5580000)
  object space 349696K, 83% used [0x00000000e0000000,0x00000000f1c76358,0x00000000f5580000)
 Metaspace       used 110503K, capacity 118695K, committed 119552K, reserved 1153024K
  class space    used 13999K, capacity 15768K, committed 16128K, reserved 1048576K
}
Event: 7719.826 GC heap before
{Heap before GC invocations=397 (full 61):
 PSYoungGen      total 134144K, used 114007K [0x00000000f5580000, 0x00000000fff00000, 0x0000000100000000)
  eden space 98816K, 100% used [0x00000000f5580000,0x00000000fb600000,0x00000000fb600000)
  from space 35328K, 43% used [0x00000000fb600000,0x00000000fc4d5f30,0x00000000fd880000)
  to   space 34304K, 0% used [0x00000000fdd80000,0x00000000fdd80000,0x00000000fff00000)
 ParOldGen       total 349696K, used 291288K [0x00000000e0000000, 0x00000000f5580000, 0x00000000f5580000)
  object space 349696K, 83% used [0x00000000e0000000,0x00000000f1c76358,0x00000000f5580000)
 Metaspace       used 110520K, capacity 118699K, committed 119552K, reserved 1153024K
  class space    used 13999K, capacity 15768K, committed 16128K, reserved 1048576K
Event: 7719.890 GC heap after
Heap after GC invocations=397 (full 61):
 PSYoungGen      total 138240K, used 20765K [0x00000000f5580000, 0x00000000ffe00000, 0x0000000100000000)
  eden space 104960K, 0% used [0x00000000f5580000,0x00000000f5580000,0x00000000fbc00000)
  from space 33280K, 62% used [0x00000000fdd80000,0x00000000ff1c75c8,0x00000000ffe00000)
  to   space 33792K, 0% used [0x00000000fbc00000,0x00000000fbc00000,0x00000000fdd00000)
 ParOldGen       total 349696K, used 291288K [0x00000000e0000000, 0x00000000f5580000, 0x00000000f5580000)
  object space 349696K, 83% used [0x00000000e0000000,0x00000000f1c76358,0x00000000f5580000)
 Metaspace       used 110520K, capacity 118699K, committed 119552K, reserved 1153024K
  class space    used 13999K, capacity 15768K, committed 16128K, reserved 1048576K
}
Event: 7720.174 GC heap before
{Heap before GC invocations=398 (full 61):
 PSYoungGen      total 138240K, used 125725K [0x00000000f5580000, 0x00000000ffe00000, 0x0000000100000000)
  eden space 104960K, 100% used [0x00000000f5580000,0x00000000fbc00000,0x00000000fbc00000)
  from space 33280K, 62% used [0x00000000fdd80000,0x00000000ff1c75c8,0x00000000ffe00000)
  to   space 33792K, 0% used [0x00000000fbc00000,0x00000000fbc00000,0x00000000fdd00000)
 ParOldGen       total 349696K, used 291288K [0x00000000e0000000, 0x00000000f5580000, 0x00000000f5580000)
  object space 349696K, 83% used [0x00000000e0000000,0x00000000f1c76358,0x00000000f5580000)
 Metaspace       used 110520K, capacity 118699K, committed 119552K, reserved 1153024K
  class space    used 13999K, capacity 15768K, committed 16128K, reserved 1048576K
Event: 7720.249 GC heap after
Heap after GC invocations=398 (full 61):
 PSYoungGen      total 138752K, used 19866K [0x00000000f5580000, 0x00000000ffe80000, 0x0000000100000000)
  eden space 104960K, 0% used [0x00000000f5580000,0x00000000f5580000,0x00000000fbc00000)
  from space 33792K, 58% used [0x00000000fbc00000,0x00000000fcf66b70,0x00000000fdd00000)
  to   space 32768K, 0% used [0x00000000fde80000,0x00000000fde80000,0x00000000ffe80000)
 ParOldGen       total 349696K, used 291288K [0x00000000e0000000, 0x00000000f5580000, 0x00000000f5580000)
  object space 349696K, 83% used [0x00000000e0000000,0x00000000f1c76358,0x00000000f5580000)
 Metaspace       used 110520K, capacity 118699K, committed 119552K, reserved 1153024K
  class space    used 13999K, capacity 15768K, committed 16128K, reserved 1048576K
}
Event: 7720.552 GC heap before
{Heap before GC invocations=399 (full 61):
 PSYoungGen      total 138752K, used 124826K [0x00000000f5580000, 0x00000000ffe80000, 0x0000000100000000)
  eden space 104960K, 100% used [0x00000000f5580000,0x00000000fbc00000,0x00000000fbc00000)
  from space 33792K, 58% used [0x00000000fbc00000,0x00000000fcf66b70,0x00000000fdd00000)
  to   space 32768K, 0% used [0x00000000fde80000,0x00000000fde80000,0x00000000ffe80000)
 ParOldGen       total 349696K, used 291288K [0x00000000e0000000, 0x00000000f5580000, 0x00000000f5580000)
  object space 349696K, 83% used [0x00000000e0000000,0x00000000f1c76358,0x00000000f5580000)
 Metaspace       used 110520K, capacity 118699K, committed 119552K, reserved 1153024K
  class space    used 13999K, capacity 15768K, committed 16128K, reserved 1048576K
Event: 7720.620 GC heap after
Heap after GC invocations=399 (full 61):
 PSYoungGen      total 140288K, used 19595K [0x00000000f5580000, 0x00000000ffe00000, 0x0000000100000000)
  eden space 108032K, 0% used [0x00000000f5580000,0x00000000f5580000,0x00000000fbf00000)
  from space 32256K, 60% used [0x00000000fde80000,0x00000000ff1a2f28,0x00000000ffe00000)
  to   space 32256K, 0% used [0x00000000fbf00000,0x00000000fbf00000,0x00000000fde80000)
 ParOldGen       total 349696K, used 291288K [0x00000000e0000000, 0x00000000f5580000, 0x00000000f5580000)
  object space 349696K, 83% used [0x00000000e0000000,0x00000000f1c76358,0x00000000f5580000)
 Metaspace       used 110520K, capacity 118699K, committed 119552K, reserved 1153024K
  class space    used 13999K, capacity 15768K, committed 16128K, reserved 1048576K
}
Event: 7720.932 GC heap before
{Heap before GC invocations=400 (full 61):
 PSYoungGen      total 140288K, used 127627K [0x00000000f5580000, 0x00000000ffe00000, 0x0000000100000000)
  eden space 108032K, 100% used [0x00000000f5580000,0x00000000fbf00000,0x00000000fbf00000)
  from space 32256K, 60% used [0x00000000fde80000,0x00000000ff1a2f28,0x00000000ffe00000)
  to   space 32256K, 0% used [0x00000000fbf00000,0x00000000fbf00000,0x00000000fde80000)
 ParOldGen       total 349696K, used 291288K [0x00000000e0000000, 0x00000000f5580000, 0x00000000f5580000)
  object space 349696K, 83% used [0x00000000e0000000,0x00000000f1c76358,0x00000000f5580000)
 Metaspace       used 110520K, capacity 118699K, committed 119552K, reserved 1153024K
  class space    used 13999K, capacity 15768K, committed 16128K, reserved 1048576K

