# JRE version: Java(TM) SE Runtime Environment (8.0_221-b11) (build 1.8.0_221-b11)
# Java VM: Java HotSpot(TM) 64-Bit Server VM (25.221-b11 mixed mode windows-amd64 compressed oops)
Heap:
 PSYoungGen      total 130560K, used 10439K [0x00000000f5580000, 0x00000000fe800000, 0x0000000100000000)
  eden space 122368K, 2% used [0x00000000f5580000,0x00000000f57f7b10,0x00000000fcd00000)
  from space 8192K, 96% used [0x00000000fe000000,0x00000000fe7ba168,0x00000000fe800000)
  to   space 10752K, 0% used [0x00000000fd300000,0x00000000fd300000,0x00000000fdd80000)
 ParOldGen       total 175104K, used 12189K [0x00000000e0000000, 0x00000000eab00000, 0x00000000f5580000)
  object space 175104K, 6% used [0x00000000e0000000,0x00000000e0be7660,0x00000000eab00000)
 Metaspace       used 27637K, capacity 28290K, committed 28416K, reserved 1073152K
  class space    used 3830K, capacity 4061K, committed 4096K, reserved 1048576K
GC Heap History (10 events):
Event: 10.308 GC heap before
{Heap before GC invocations=1 (full 0):
 PSYoungGen      total 76288K, used 65536K [0x00000000f5580000, 0x00000000faa80000, 0x0000000100000000)
  eden space 65536K, 100% used [0x00000000f5580000,0x00000000f9580000,0x00000000f9580000)
  from space 10752K, 0% used [0x00000000fa000000,0x00000000fa000000,0x00000000faa80000)
  to   space 10752K, 0% used [0x00000000f9580000,0x00000000f9580000,0x00000000fa000000)
 ParOldGen       total 175104K, used 0K [0x00000000e0000000, 0x00000000eab00000, 0x00000000f5580000)
  object space 175104K, 0% used [0x00000000e0000000,0x00000000e0000000,0x00000000eab00000)
 Metaspace       used 7018K, capacity 7228K, committed 7424K, reserved 1056768K
  class space    used 885K, capacity 948K, committed 1024K, reserved 1048576K
Event: 10.330 GC heap after
Heap after GC invocations=1 (full 0):
 PSYoungGen      total 76288K, used 5634K [0x00000000f5580000, 0x00000000faa80000, 0x0000000100000000)
  eden space 65536K, 0% used [0x00000000f5580000,0x00000000f5580000,0x00000000f9580000)
  from space 10752K, 52% used [0x00000000f9580000,0x00000000f9b008e8,0x00000000fa000000)
  to   space 10752K, 0% used [0x00000000fa000000,0x00000000fa000000,0x00000000faa80000)
 ParOldGen       total 175104K, used 16K [0x00000000e0000000, 0x00000000eab00000, 0x00000000f5580000)
  object space 175104K, 0% used [0x00000000e0000000,0x00000000e0004000,0x00000000eab00000)
 Metaspace       used 7018K, capacity 7228K, committed 7424K, reserved 1056768K
  class space    used 885K, capacity 948K, committed 1024K, reserved 1048576K
}
Event: 17.285 GC heap before
{Heap before GC invocations=2 (full 0):
 PSYoungGen      total 76288K, used 71170K [0x00000000f5580000, 0x00000000faa80000, 0x0000000100000000)
  eden space 65536K, 100% used [0x00000000f5580000,0x00000000f9580000,0x00000000f9580000)
  from space 10752K, 52% used [0x00000000f9580000,0x00000000f9b008e8,0x00000000fa000000)
  to   space 10752K, 0% used [0x00000000fa000000,0x00000000fa000000,0x00000000faa80000)
 ParOldGen       total 175104K, used 16K [0x00000000e0000000, 0x00000000eab00000, 0x00000000f5580000)
  object space 175104K, 0% used [0x00000000e0000000,0x00000000e0004000,0x00000000eab00000)
 Metaspace       used 14349K, capacity 14602K, committed 14976K, reserved 1062912K
  class space    used 2044K, capacity 2165K, committed 2176K, reserved 1048576K
Event: 18.351 GC heap after
Heap after GC invocations=2 (full 0):
 PSYoungGen      total 76288K, used 9409K [0x00000000f5580000, 0x00000000fea80000, 0x0000000100000000)
  eden space 65536K, 0% used [0x00000000f5580000,0x00000000f5580000,0x00000000f9580000)
  from space 10752K, 87% used [0x00000000fa000000,0x00000000fa930510,0x00000000faa80000)
  to   space 10752K, 0% used [0x00000000f9580000,0x00000000f9580000,0x00000000fa000000)
 ParOldGen       total 175104K, used 16K [0x00000000e0000000, 0x00000000eab00000, 0x00000000f5580000)
  object space 175104K, 0% used [0x00000000e0000000,0x00000000e0004000,0x00000000eab00000)
 Metaspace       used 14349K, capacity 14602K, committed 14976K, reserved 1062912K
  class space    used 2044K, capacity 2165K, committed 2176K, reserved 1048576K
}
Event: 24.062 GC heap before
{Heap before GC invocations=3 (full 0):
 PSYoungGen      total 76288K, used 73319K [0x00000000f5580000, 0x00000000fea80000, 0x0000000100000000)
  eden space 65536K, 97% used [0x00000000f5580000,0x00000000f93e9a30,0x00000000f9580000)
  from space 10752K, 87% used [0x00000000fa000000,0x00000000fa930510,0x00000000faa80000)
  to   space 10752K, 0% used [0x00000000f9580000,0x00000000f9580000,0x00000000fa000000)
 ParOldGen       total 175104K, used 16K [0x00000000e0000000, 0x00000000eab00000, 0x00000000f5580000)
  object space 175104K, 0% used [0x00000000e0000000,0x00000000e0004000,0x00000000eab00000)
 Metaspace       used 20682K, capacity 21096K, committed 21296K, reserved 1067008K
  class space    used 3008K, capacity 3172K, committed 3200K, reserved 1048576K
Event: 24.089 GC heap after
Heap after GC invocations=3 (full 0):
 PSYoungGen      total 76288K, used 10732K [0x00000000f5580000, 0x00000000fea80000, 0x0000000100000000)
  eden space 65536K, 0% used [0x00000000f5580000,0x00000000f5580000,0x00000000f9580000)
  from space 10752K, 99% used [0x00000000f9580000,0x00000000f9ffb110,0x00000000fa000000)
  to   space 10752K, 0% used [0x00000000fe000000,0x00000000fe000000,0x00000000fea80000)
 ParOldGen       total 175104K, used 1921K [0x00000000e0000000, 0x00000000eab00000, 0x00000000f5580000)
  object space 175104K, 1% used [0x00000000e0000000,0x00000000e01e0440,0x00000000eab00000)
 Metaspace       used 20682K, capacity 21096K, committed 21296K, reserved 1067008K
  class space    used 3008K, capacity 3172K, committed 3200K, reserved 1048576K
}
Event: 24.089 GC heap before
{Heap before GC invocations=4 (full 1):
 PSYoungGen      total 76288K, used 10732K [0x00000000f5580000, 0x00000000fea80000, 0x0000000100000000)
  eden space 65536K, 0% used [0x00000000f5580000,0x00000000f5580000,0x00000000f9580000)
  from space 10752K, 99% used [0x00000000f9580000,0x00000000f9ffb110,0x00000000fa000000)
  to   space 10752K, 0% used [0x00000000fe000000,0x00000000fe000000,0x00000000fea80000)
 ParOldGen       total 175104K, used 1921K [0x00000000e0000000, 0x00000000eab00000, 0x00000000f5580000)
  object space 175104K, 1% used [0x00000000e0000000,0x00000000e01e0440,0x00000000eab00000)
 Metaspace       used 20682K, capacity 21096K, committed 21296K, reserved 1067008K
  class space    used 3008K, capacity 3172K, committed 3200K, reserved 1048576K
Event: 24.224 GC heap after
Heap after GC invocations=4 (full 1):
 PSYoungGen      total 76288K, used 0K [0x00000000f5580000, 0x00000000fea80000, 0x0000000100000000)
  eden space 65536K, 0% used [0x00000000f5580000,0x00000000f5580000,0x00000000f9580000)
  from space 10752K, 0% used [0x00000000f9580000,0x00000000f9580000,0x00000000fa000000)
  to   space 10752K, 0% used [0x00000000fe000000,0x00000000fe000000,0x00000000fea80000)
 ParOldGen       total 175104K, used 12189K [0x00000000e0000000, 0x00000000eab00000, 0x00000000f5580000)
  object space 175104K, 6% used [0x00000000e0000000,0x00000000e0be7660,0x00000000eab00000)
 Metaspace       used 20682K, capacity 21096K, committed 21296K, reserved 1067008K
  class space    used 3008K, capacity 3172K, committed 3200K, reserved 1048576K
}
Event: 95.318 GC heap before
{Heap before GC invocations=5 (full 1):
 PSYoungGen      total 76288K, used 65536K [0x00000000f5580000, 0x00000000fea80000, 0x0000000100000000)
  eden space 65536K, 100% used [0x00000000f5580000,0x00000000f9580000,0x00000000f9580000)
  from space 10752K, 0% used [0x00000000f9580000,0x00000000f9580000,0x00000000fa000000)
  to   space 10752K, 0% used [0x00000000fe000000,0x00000000fe000000,0x00000000fea80000)
 ParOldGen       total 175104K, used 12189K [0x00000000e0000000, 0x00000000eab00000, 0x00000000f5580000)
  object space 175104K, 6% used [0x00000000e0000000,0x00000000e0be7660,0x00000000eab00000)
 Metaspace       used 27568K, capacity 28194K, committed 28416K, reserved 1073152K
  class space    used 3821K, capacity 4029K, committed 4096K, reserved 1048576K
Event: 95.469 GC heap after
Heap after GC invocations=5 (full 1):
 PSYoungGen      total 130560K, used 7912K [0x00000000f5580000, 0x00000000fe800000, 0x0000000100000000)
  eden space 122368K, 0% used [0x00000000f5580000,0x00000000f5580000,0x00000000fcd00000)
  from space 8192K, 96% used [0x00000000fe000000,0x00000000fe7ba168,0x00000000fe800000)
  to   space 10752K, 0% used [0x00000000fd300000,0x00000000fd300000,0x00000000fdd80000)
 ParOldGen       total 175104K, used 12189K [0x00000000e0000000, 0x00000000eab00000, 0x00000000f5580000)
  object space 175104K, 6% used [0x00000000e0000000,0x00000000e0be7660,0x00000000eab00000)
 Metaspace       used 27568K, capacity 28194K, committed 28416K, reserved 1073152K
  class space    used 3821K, capacity 4029K, committed 4096K, reserved 1048576K
}

